<?xml version="1.0" encoding="UTF-8"?>
<!-- Generated by org.testng.reporters.JUnitReportReporter -->
<testsuite hostname="LAPTOP-7ILL6B1Q" failures="0" tests="6" name="testCases.LoginTest" time="7.796" errors="0" timestamp="2023-10-30T17:47:19 IST" skipped="0">
  <testcase classname="testCases.LoginTest" name="loginTest" time="0.317"/>
  <testcase classname="testCases.LoginTest" name="verifyTitleAfterSuccessfulLogin" time="0.345"/>
  <testcase classname="testCases.LoginTest" name="loginTest" time="0.521"/>
  <testcase classname="testCases.LoginTest" name="loginTest" time="0.581"/>
  <testcase classname="testCases.LoginTest" name="loginTest" time="5.391"/>
  <testcase classname="testCases.LoginTest" name="verifyErrorMessage" time="0.641"/>
</testsuite> <!-- testCases.LoginTest -->
